<?xml version="1.0" encoding="UTF-8"?>
<!-- Generated by org.testng.reporters.JUnitReportReporter -->
<testsuite hostname="DESKTOP-MQ9KKGC" failures="0" tests="2" name="com.vtiger.organization.Test.CreateOrganizationwithDropdownsTest" time="-1653038336.000" errors="1" timestamp="2022-05-20T14:48:59 IST" skipped="1">
  <testcase classname="com.vtiger.organization.Test.CreateOrganizationwithDropdownsTest" name="createOrganizationwithDropdownTest" time="0.000">
    <skipped/>
  </testcase> <!-- createOrganizationwithDropdownTest -->
  <system-out/>
  <testcase classname="com.vtiger.organization.Test.CreateOrganizationwithDropdownsTest" name="beforeClassTest" time="-1653038336.000">
    <error message="
Can inject only one of &lt;ITestContext, XmlTest&gt; into a @BeforeClass annotated beforeClassTest.
For more information on native dependency injection please refer to https://testng.org/doc/documentation-main.html#native-dependency-injection" type="org.testng.TestNGException">
      <![CDATA[org.testng.TestNGException: 
Can inject only one of <ITestContext, XmlTest> into a @BeforeClass annotated beforeClassTest.
For more information on native dependency injection please refer to https://testng.org/doc/documentation-main.html#native-dependency-injection
at org.testng.internal.Parameters.checkParameterTypes(Parameters.java:439)
at org.testng.internal.Parameters.createParametersForMethod(Parameters.java:353)
at org.testng.internal.Parameters.createParameters(Parameters.java:708)
at org.testng.internal.Parameters.createConfigurationParameters(Parameters.java:168)
at org.testng.internal.ConfigInvoker.invokeConfigurations(ConfigInvoker.java:302)
at org.testng.internal.TestMethodWorker.invokeBeforeClassMethods(TestMethodWorker.java:176)
at org.testng.internal.TestMethodWorker.run(TestMethodWorker.java:122)
at java.base/java.util.concurrent.ThreadPoolExecutor.runWorker(ThreadPoolExecutor.java:1130)
at java.base/java.util.concurrent.ThreadPoolExecutor$Worker.run(ThreadPoolExecutor.java:630)
at java.base/java.lang.Thread.run(Thread.java:831)
]]>
    </error>
  </testcase> <!-- beforeClassTest -->
  <system-out/>
</testsuite> <!-- com.vtiger.organization.Test.CreateOrganizationwithDropdownsTest -->
